<?xml version="1.0" encoding="UTF-8"?>
<!-- Generated by org.testng.reporters.JUnitReportReporter -->
<testsuite skipped="0" hostname="Jose-PC" name="javatest.javatest" tests="1" failures="0" timestamp="21 Jun 2017 05:32:08 GMT" time="4.067" errors="0">
  <testcase name="addCart" time="4.067" classname="javatest.javatest"/>
</testsuite> <!-- javatest.javatest -->
