<?xml version="1.0" encoding="UTF-8"?>
<!-- Generated by org.testng.reporters.JUnitReportReporter -->
<testsuite skipped="0" hostname="Jose-PC" name="javatest.javatest" tests="1" failures="0" timestamp="27 Jun 2017 04:19:37 GMT" time="10.341" errors="0">
  <testcase name="signIn" time="10.341" classname="javatest.javatest"/>
</testsuite> <!-- javatest.javatest -->
