<?xml version="1.0" encoding="UTF-8"?>
<!-- Generated by org.testng.reporters.JUnitReportReporter -->
<testsuite skipped="0" hostname="Jose-PC" name="javatest.javatest" tests="1" failures="0" timestamp="02 Jul 2017 05:44:08 GMT" time="3.589" errors="0">
  <testcase name="addCart" time="3.589" classname="javatest.javatest"/>
</testsuite> <!-- javatest.javatest -->
