<?xml version="1.0" encoding="UTF-8"?>
<!-- Generated by org.testng.reporters.JUnitReportReporter -->
<testsuite skipped="0" hostname="Jose-PC" name="javatest.javatest" tests="2" failures="0" timestamp="29 Jun 2017 05:50:28 GMT" time="11.824" errors="0">
  <testcase name="login" time="7.577" classname="javatest.javatest"/>
  <testcase name="addCart" time="4.247" classname="javatest.javatest"/>
</testsuite> <!-- javatest.javatest -->
