<?xml version="1.0" encoding="UTF-8"?>
<!-- Generated by org.testng.reporters.JUnitReportReporter -->
<testsuite skipped="0" hostname="Jose-Quesadas-MacBook-Pro.local" name="javatest.javatest" tests="1" failures="0" timestamp="22 Jun 2017 16:12:34 GMT" time="10.897" errors="0">
  <testcase name="signIn" time="10.897" classname="javatest.javatest"/>
</testsuite> <!-- javatest.javatest -->
